#
# A fatal error has been detected by the Java Runtime Environment:
#
#  EXCEPTION_UNCAUGHT_CXX_EXCEPTION (0xe06d7363) at pc=0x000007fefd82940d, pid=4232, tid=4324
#
# JRE version: 7.0_10-b18
# Java VM: Java HotSpot(TM) 64-Bit Server VM (23.6-b04 mixed mode windows-amd64 compressed oops)
# Problematic frame:
# C  [KERNELBASE.dll+0x940d]  RaiseException+0x3d
#
# Failed to write core dump. Minidumps are not enabled by default on client versions of Windows
#
# If you would like to submit a bug report, please visit:
#   http://bugreport.sun.com/bugreport/crash.jsp
# The crash happened outside the Java Virtual Machine in native code.
# See problematic frame for where to report the bug.
#

---------------  T H R E A D  ---------------

Current thread (0x00000000021bf000):  JavaThread "main" [_thread_in_native, id=4324, stack(0x00000000023a0000,0x00000000024a0000)]

siginfo: ExceptionCode=0xe06d7363, ExceptionInformation=0x0000000019930520 0x000000000249d168 0x000007fed96bff88 0x000007fed8e10000 

Registers:
RAX=0x000000007598383d, RBX=0x000000000249d168, RCX=0x000000000249c9f0, RDX=0x00000000000000d0
RSP=0x000000000249d000, RBP=0x00000000253ad770, RSI=0x000000000000000b, RDI=0x000007fed96bff88
R8 =0x0000000000000000, R9 =0x0000000000000000, R10=0x000007fed8e10000, R11=0x000000000249d040
R12=0x000000002535e140, R13=0xffffffffffffffff, R14=0x0000000024eb61e0, R15=0x000000002535e140
RIP=0x000007fefd82940d, EFLAGS=0x0000000000000202

Top of Stack: (sp=0x000000000249d000)
0x000000000249d000:   000000000249d168 000000000000000b
0x000000000249d010:   000007fed96bff88 0000000000000000
0x000000000249d020:   00000001e06d7363 0000000000000000
0x000000000249d030:   000007fefd82940d 000007fe00000004
0x000000000249d040:   0000000019930520 000000000249d168
0x000000000249d050:   000007fed96bff88 000007fed8e10000
0x000000000249d060:   00000000207337e0 000000000249d0e8
0x000000000249d070:   fffffffffffffffe 000000001cd50278
0x000000000249d080:   00000000000c7da0 000000000006a520
0x000000000249d090:   0000000000000000 000000006c2f806c
0x000000000249d0a0:   0000000024eb61e0 ffffffffffffffff
0x000000000249d0b0:   000000002535e140 000007fed96bff88
0x000000000249d0c0:   000000000000000b 000000006c3254ca
0x000000000249d0d0:   000000000249d168 000000000249d140
0x000000000249d0e0:   0000000000000001 000007fed8e10100
0x000000000249d0f0:   00000001e06d7363 0000000000000000 

Instructions: (pc=0x000007fefd82940d)
0x000007fefd8293ed:   54 24 24 48 89 4c 24 28 4d 85 c9 0f 85 aa 18 00
0x000007fefd8293fd:   00 89 4c 24 38 48 8d 4c 24 20 ff 15 93 1e 04 00
0x000007fefd82940d:   48 81 c4 c8 00 00 00 c3 90 90 90 90 90 90 90 90
0x000007fefd82941d:   90 90 90 48 8b c4 48 83 ec 78 41 f7 c0 fe ff ff 


Register to memory mapping:

RAX=0x000000007598383d is an unknown value
RBX=0x000000000249d168 is pointing into the stack for thread: 0x00000000021bf000
RCX=0x000000000249c9f0 is pointing into the stack for thread: 0x00000000021bf000
RDX=0x00000000000000d0 is an unknown value
RSP=0x000000000249d000 is pointing into the stack for thread: 0x00000000021bf000
RBP=0x00000000253ad770 is an unknown value
RSI=0x000000000000000b is an unknown value
RDI=0x000007fed96bff88 is an unknown value
R8 =0x0000000000000000 is an unknown value
R9 =0x0000000000000000 is an unknown value
R10=0x000007fed8e10000 is an unknown value
R11=0x000000000249d040 is pointing into the stack for thread: 0x00000000021bf000
R12=0x000000002535e140 is an unknown value
R13=0xffffffffffffffff is an unknown value
R14=0x0000000024eb61e0 is an unknown value
R15=0x000000002535e140 is an unknown value


Stack: [0x00000000023a0000,0x00000000024a0000],  sp=0x000000000249d000,  free space=1012k
Native frames: (J=compiled Java code, j=interpreted, Vv=VM code, C=native code)
C  [KERNELBASE.dll+0x940d]  RaiseException+0x3d

Java frames: (J=compiled Java code, j=interpreted, Vv=VM code)
j  org.jocl.CL.clCreateKernelNative(Lorg/jocl/cl_program;Ljava/lang/String;[I)Lorg/jocl/cl_kernel;+0
j  org.jocl.CL.clCreateKernel(Lorg/jocl/cl_program;Ljava/lang/String;[I)Lorg/jocl/cl_kernel;+17
j  com.amodulus.jocl.utils.JOCLHelper.createKernel(Ljava/lang/String;Ljava/lang/String;)V+42
j  com.amodulus.jocl.kernels.kernel_func.testKernel()V+99
v  ~StubRoutines::call_stub
j  sun.reflect.NativeMethodAccessorImpl.invoke0(Ljava/lang/reflect/Method;Ljava/lang/Object;[Ljava/lang/Object;)Ljava/lang/Object;+0
j  sun.reflect.NativeMethodAccessorImpl.invoke(Ljava/lang/Object;[Ljava/lang/Object;)Ljava/lang/Object;+87
j  sun.reflect.DelegatingMethodAccessorImpl.invoke(Ljava/lang/Object;[Ljava/lang/Object;)Ljava/lang/Object;+6
j  java.lang.reflect.Method.invoke(Ljava/lang/Object;[Ljava/lang/Object;)Ljava/lang/Object;+57
j  junit.framework.TestCase.runTest()V+96
j  junit.framework.TestCase.runBare()V+5
j  junit.framework.TestResult$1.protect()V+4
j  junit.framework.TestResult.runProtected(Ljunit/framework/Test;Ljunit/framework/Protectable;)V+1
j  junit.framework.TestResult.run(Ljunit/framework/TestCase;)V+17
j  junit.framework.TestCase.run(Ljunit/framework/TestResult;)V+2
j  junit.framework.TestSuite.runTest(Ljunit/framework/Test;Ljunit/framework/TestResult;)V+2
j  junit.framework.TestSuite.run(Ljunit/framework/TestResult;)V+31
v  ~StubRoutines::call_stub
j  sun.reflect.NativeMethodAccessorImpl.invoke0(Ljava/lang/reflect/Method;Ljava/lang/Object;[Ljava/lang/Object;)Ljava/lang/Object;+0
j  sun.reflect.NativeMethodAccessorImpl.invoke(Ljava/lang/Object;[Ljava/lang/Object;)Ljava/lang/Object;+87
j  sun.reflect.DelegatingMethodAccessorImpl.invoke(Ljava/lang/Object;[Ljava/lang/Object;)Ljava/lang/Object;+6
j  java.lang.reflect.Method.invoke(Ljava/lang/Object;[Ljava/lang/Object;)Ljava/lang/Object;+57
j  org.apache.maven.surefire.junit.JUnitTestSet.execute(Lorg/apache/maven/surefire/report/RunListener;Ljava/lang/ClassLoader;)V+138
j  org.apache.maven.surefire.junit.JUnit3Provider.executeTestSet(Lorg/apache/maven/surefire/junit/SurefireTestSet;Lorg/apache/maven/surefire/report/RunListener;Ljava/lang/ClassLoader;)V+33
j  org.apache.maven.surefire.junit.JUnit3Provider.invoke(Ljava/lang/Object;)Lorg/apache/maven/surefire/suite/RunResult;+134
v  ~StubRoutines::call_stub
j  sun.reflect.NativeMethodAccessorImpl.invoke0(Ljava/lang/reflect/Method;Ljava/lang/Object;[Ljava/lang/Object;)Ljava/lang/Object;+0
j  sun.reflect.NativeMethodAccessorImpl.invoke(Ljava/lang/Object;[Ljava/lang/Object;)Ljava/lang/Object;+87
j  sun.reflect.DelegatingMethodAccessorImpl.invoke(Ljava/lang/Object;[Ljava/lang/Object;)Ljava/lang/Object;+6
j  java.lang.reflect.Method.invoke(Ljava/lang/Object;[Ljava/lang/Object;)Ljava/lang/Object;+57
j  org.apache.maven.surefire.util.ReflectionUtils.invokeMethodWithArray(Ljava/lang/Object;Ljava/lang/reflect/Method;[Ljava/lang/Object;)Ljava/lang/Object;+3
j  org.apache.maven.surefire.booter.ProviderFactory$ProviderProxy.invoke(Ljava/lang/Object;)Lorg/apache/maven/surefire/suite/RunResult;+29
j  org.apache.maven.surefire.booter.SurefireStarter.invokeProvider(Ljava/lang/Object;Ljava/lang/ClassLoader;Ljava/lang/ClassLoader;Ljava/lang/Object;)Lorg/apache/maven/surefire/suite/RunResult;+41
j  org.apache.maven.surefire.booter.SurefireStarter.runSuitesInProcessWhenForked()Lorg/apache/maven/surefire/suite/RunResult;+33
j  org.apache.maven.surefire.booter.ForkedBooter.main([Ljava/lang/String;)V+109
v  ~StubRoutines::call_stub

---------------  P R O C E S S  ---------------

Java Threads: ( => current thread )
  0x000000001bd43800 JavaThread "Service Thread" daemon [_thread_blocked, id=6428, stack(0x000000001dda0000,0x000000001dea0000)]
  0x000000001bd42800 JavaThread "C2 CompilerThread1" daemon [_thread_blocked, id=4940, stack(0x000000001dca0000,0x000000001dda0000)]
  0x000000001bd3d000 JavaThread "C2 CompilerThread0" daemon [_thread_blocked, id=3400, stack(0x000000001db90000,0x000000001dc90000)]
  0x000000001bd30800 JavaThread "JDWP Command Reader" daemon [_thread_in_native, id=240, stack(0x000000001d5e0000,0x000000001d6e0000)]
  0x000000001bd2f800 JavaThread "JDWP Event Helper Thread" daemon [_thread_blocked, id=5132, stack(0x000000001da20000,0x000000001db20000)]
  0x000000001bd2c000 JavaThread "JDWP Transport Listener: dt_socket" daemon [_thread_blocked, id=5824, stack(0x000000001d8b0000,0x000000001d9b0000)]
  0x000000001bd1c000 JavaThread "Attach Listener" daemon [_thread_blocked, id=3992, stack(0x000000001d210000,0x000000001d310000)]
  0x000000001bd15000 JavaThread "Signal Dispatcher" daemon [_thread_blocked, id=5016, stack(0x000000001d0b0000,0x000000001d1b0000)]
  0x000000000214c800 JavaThread "Finalizer" daemon [_thread_blocked, id=3568, stack(0x000000001cfa0000,0x000000001d0a0000)]
  0x0000000002146000 JavaThread "Reference Handler" daemon [_thread_blocked, id=3500, stack(0x000000001ce70000,0x000000001cf70000)]
=>0x00000000021bf000 JavaThread "main" [_thread_in_native, id=4324, stack(0x00000000023a0000,0x00000000024a0000)]

Other Threads:
  0x000000001bc91800 VMThread [stack: 0x000000001cc50000,0x000000001cd50000] [id=6900]
  0x000000001bd60000 WatcherThread [stack: 0x000000001e030000,0x000000001e130000] [id=4172]

VM state:not at safepoint (normal execution)

VM Mutex/Monitor currently owned by a thread: None

Heap
 PSYoungGen      total 152576K, used 7849K [0x0000000755c00000, 0x0000000760640000, 0x0000000800000000)
  eden space 130816K, 6% used [0x0000000755c00000,0x00000007563aa4e0,0x000000075dbc0000)
  from space 21760K, 0% used [0x000000075f100000,0x000000075f100000,0x0000000760640000)
  to   space 21760K, 0% used [0x000000075dbc0000,0x000000075dbc0000,0x000000075f100000)
 ParOldGen       total 348672K, used 0K [0x0000000601400000, 0x0000000616880000, 0x0000000755c00000)
  object space 348672K, 0% used [0x0000000601400000,0x0000000601400000,0x0000000616880000)
 PSPermGen       total 21248K, used 3953K [0x00000005fc200000, 0x00000005fd6c0000, 0x0000000601400000)
  object space 21248K, 18% used [0x00000005fc200000,0x00000005fc5dc4c0,0x00000005fd6c0000)

Card table byte_map: [0x0000000005560000,0x0000000006580000] byte_map_base: 0x000000000257f000

Polling page: 0x0000000001b60000

Code Cache  [0x00000000024a0000, 0x0000000002710000, 0x00000000054a0000)
 total_blobs=239 nmethods=13 adapters=186 free_code_cache=48718Kb largest_free_block=49865280

Compilation events (10 events):
Event: 0.181 Thread 0x000000001bd42800    9             java.lang.String::equals (81 bytes)
Event: 0.184 Thread 0x000000001bd42800 nmethod 9 0x0000000002506590 code [0x00000000025066e0, 0x00000000025069d8]
Event: 0.192 Thread 0x000000001bd3d000   10             java.lang.AbstractStringBuilder::append (29 bytes)
Event: 0.194 Thread 0x000000001bd3d000 nmethod 10 0x0000000002504550 code [0x00000000025046a0, 0x00000000025049b8]
Event: 0.212 Thread 0x000000001bd42800   11             java.lang.Object::<init> (1 bytes)
Event: 0.212 Thread 0x000000001bd42800 nmethod 11 0x000000000250b650 code [0x000000000250b780, 0x000000000250b818]
Event: 0.213 Thread 0x000000001bd3d000   12             java.lang.String::startsWith (72 bytes)
Event: 0.215 Thread 0x000000001bd3d000 nmethod 12 0x0000000002509bd0 code [0x0000000002509d20, 0x0000000002509f98]
Event: 0.567 Thread 0x000000001bd42800   13             sun.net.www.ParseUtil::encodePath (336 bytes)
Event: 0.580 Thread 0x000000001bd42800 nmethod 13 0x000000000250fc90 code [0x000000000250fee0, 0x00000000025111f8]

GC Heap History (0 events):
No events

Deoptimization events (0 events):
No events

Internal exceptions (10 events):
Event: 0.217 Thread 0x00000000021bf000 Threw 0x00000007561bd998 at C:\jdk7u2_64p\jdk7u10\hotspot\src\share\vm\prims\jvm.cpp:1166
Event: 0.217 Thread 0x00000000021bf000 Threw 0x00000007561c11c0 at C:\jdk7u2_64p\jdk7u10\hotspot\src\share\vm\prims\jvm.cpp:1166
Event: 0.218 Thread 0x00000000021bf000 Threw 0x00000007561c4a20 at C:\jdk7u2_64p\jdk7u10\hotspot\src\share\vm\prims\jvm.cpp:1166
Event: 0.218 Thread 0x00000000021bf000 Threw 0x00000007561c80d0 at C:\jdk7u2_64p\jdk7u10\hotspot\src\share\vm\prims\jvm.cpp:1166
Event: 0.219 Thread 0x00000000021bf000 Threw 0x00000007561cb778 at C:\jdk7u2_64p\jdk7u10\hotspot\src\share\vm\prims\jvm.cpp:1166
Event: 0.219 Thread 0x00000000021bf000 Threw 0x00000007561ced00 at C:\jdk7u2_64p\jdk7u10\hotspot\src\share\vm\prims\jvm.cpp:1166
Event: 0.220 Thread 0x00000000021bf000 Threw 0x00000007561d24c0 at C:\jdk7u2_64p\jdk7u10\hotspot\src\share\vm\prims\jvm.cpp:1166
Event: 0.566 Thread 0x00000000021bf000 Threw 0x00000007561d7bc0 at C:\jdk7u2_64p\jdk7u10\hotspot\src\share\vm\prims\jvm.cpp:1166
Event: 0.566 Thread 0x00000000021bf000 Threw 0x00000007561dbe90 at C:\jdk7u2_64p\jdk7u10\hotspot\src\share\vm\prims\jvm.cpp:1166
Event: 0.567 Thread 0x00000000021bf000 Threw 0x00000007561e08e0 at C:\jdk7u2_64p\jdk7u10\hotspot\src\share\vm\prims\jvm.cpp:1166

Events (10 events):
Event: 28.548 Executing VM operation: GetOrSetLocal
Event: 28.548 Executing VM operation: GetOrSetLocal done
Event: 31.527 Executing VM operation: EnterInterpOnlyMode
Event: 31.527 Executing VM operation: EnterInterpOnlyMode done
Event: 31.527 Executing VM operation: GetCurrentLocation
Event: 31.527 Executing VM operation: GetCurrentLocation done
Event: 31.527 Executing VM operation: ChangeSingleStep
Event: 31.527 Executing VM operation: ChangeSingleStep done
Event: 31.531 Executing VM operation: ChangeSingleStep
Event: 31.531 Executing VM operation: ChangeSingleStep done


Dynamic libraries:
0x000000013f930000 - 0x000000013f963000 	C:\Program Files\Java\jdk1.7.0_10\jre\bin\java.exe
0x0000000077930000 - 0x0000000077ad9000 	C:\Windows\SYSTEM32\ntdll.dll
0x0000000077710000 - 0x000000007782f000 	C:\Windows\system32\kernel32.dll
0x000007fefd820000 - 0x000007fefd88b000 	C:\Windows\system32\KERNELBASE.dll
0x000007feff370000 - 0x000007feff44b000 	C:\Windows\system32\ADVAPI32.dll
0x000007feff500000 - 0x000007feff59f000 	C:\Windows\system32\msvcrt.dll
0x000007feff850000 - 0x000007feff86f000 	C:\Windows\SYSTEM32\sechost.dll
0x000007feff240000 - 0x000007feff36d000 	C:\Windows\system32\RPCRT4.dll
0x0000000077830000 - 0x000000007792a000 	C:\Windows\system32\USER32.dll
0x000007feff680000 - 0x000007feff6e7000 	C:\Windows\system32\GDI32.dll
0x000007feff450000 - 0x000007feff45e000 	C:\Windows\system32\LPK.dll
0x000007fefea30000 - 0x000007fefeaf9000 	C:\Windows\system32\USP10.dll
0x000007fefc810000 - 0x000007fefca04000 	C:\Windows\WinSxS\amd64_microsoft.windows.common-controls_6595b64144ccf1df_6.0.7601.17514_none_fa396087175ac9ac\COMCTL32.dll
0x000007feff1c0000 - 0x000007feff231000 	C:\Windows\system32\SHLWAPI.dll
0x000007fefeb70000 - 0x000007fefeb9e000 	C:\Windows\system32\IMM32.DLL
0x000007fefe920000 - 0x000007fefea29000 	C:\Windows\system32\MSCTF.dll
0x0000000072770000 - 0x0000000072841000 	C:\Program Files\Java\jdk1.7.0_10\jre\bin\msvcr100.dll
0x0000000051a50000 - 0x000000005216f000 	C:\Program Files\Java\jdk1.7.0_10\jre\bin\server\jvm.dll
0x000007fef9d90000 - 0x000007fef9d99000 	C:\Windows\system32\WSOCK32.dll
0x000007fefe8d0000 - 0x000007fefe91d000 	C:\Windows\system32\WS2_32.dll
0x000007fefeb00000 - 0x000007fefeb08000 	C:\Windows\system32\NSI.dll
0x000007fefb400000 - 0x000007fefb43b000 	C:\Windows\system32\WINMM.dll
0x0000000077b00000 - 0x0000000077b07000 	C:\Windows\system32\PSAPI.DLL
0x0000000073aa0000 - 0x0000000073aaf000 	C:\Program Files\Java\jdk1.7.0_10\jre\bin\verify.dll
0x0000000072bf0000 - 0x0000000072c18000 	C:\Program Files\Java\jdk1.7.0_10\jre\bin\java.dll
0x0000000073f10000 - 0x0000000073f45000 	C:\Program Files\Java\jdk1.7.0_10\jre\bin\jdwp.dll
0x0000000073f80000 - 0x0000000073f88000 	C:\Program Files\Java\jdk1.7.0_10\jre\bin\npt.dll
0x0000000072bd0000 - 0x0000000072be5000 	C:\Program Files\Java\jdk1.7.0_10\jre\bin\zip.dll
0x0000000073f70000 - 0x0000000073f79000 	C:\Program Files\Java\jdk1.7.0_10\jre\bin\dt_socket.dll
0x000007fefcf80000 - 0x000007fefcfd5000 	C:\Windows\system32\mswsock.dll
0x000007fefc5e0000 - 0x000007fefc5e7000 	C:\Windows\System32\wshtcpip.dll
0x000007fedc1e0000 - 0x000007fedc230000 	C:\Users\Administrator\AppData\Local\Temp\JOCL_0_1_9-windows-x86_64.dll
0x000007fefad50000 - 0x000007fefad65000 	C:\Windows\system32\OpenCL.dll
0x000007fedc3c0000 - 0x000007fedc3e7000 	C:\Windows\system32\IntelOpenCL64.dll
0x00000000697c0000 - 0x0000000069893000 	C:\Windows\WinSxS\amd64_microsoft.vc90.crt_1fc8b3b9a1e18e3b_9.0.30729.6161_none_08e61857a83bc251\MSVCP90.dll
0x000000006c2e0000 - 0x000000006c383000 	C:\Windows\WinSxS\amd64_microsoft.vc90.crt_1fc8b3b9a1e18e3b_9.0.30729.6161_none_08e61857a83bc251\MSVCR90.dll
0x000007fedb2d0000 - 0x000007fedb378000 	C:\Program Files (x86)\Intel\OpenCL SDK\2.0\bin\x64\intelocl.dll
0x000007fedb1b0000 - 0x000007fedb2cd000 	C:\Windows\system32\OPENGL32.dll
0x000007fedc1b0000 - 0x000007fedc1dd000 	C:\Windows\system32\GLU32.dll
0x000007fedb0b0000 - 0x000007fedb1a1000 	C:\Windows\system32\DDRAW.dll
0x000007fefad30000 - 0x000007fefad38000 	C:\Windows\system32\DCIMAN32.dll
0x000007fefedd0000 - 0x000007fefefa7000 	C:\Windows\system32\SETUPAPI.dll
0x000007fefdad0000 - 0x000007fefdb06000 	C:\Windows\system32\CFGMGR32.dll
0x000007feff5a0000 - 0x000007feff677000 	C:\Windows\system32\OLEAUT32.dll
0x000007fefefb0000 - 0x000007feff1b3000 	C:\Windows\system32\ole32.dll
0x000007fefdb10000 - 0x000007fefdb2a000 	C:\Windows\system32\DEVOBJ.dll
0x000007fefb800000 - 0x000007fefb818000 	C:\Windows\system32\dwmapi.dll
0x000007fed7410000 - 0x000007fed85a6000 	C:\Program Files (x86)\Intel\OpenCL SDK\2.0\bin\x64\clang_compiler.dll
0x000007fef8090000 - 0x000007fef80a6000 	C:\Program Files (x86)\Intel\OpenCL SDK\2.0\bin\x64\task_executor.dll
0x000007fef6250000 - 0x000007fef6375000 	C:\Windows\system32\dbghelp.dll
0x000007fedb3d0000 - 0x000007fedb427000 	C:\Program Files (x86)\Intel\OpenCL SDK\2.0\bin\x64\cpu_device.dll
0x0000000180000000 - 0x000000018004b000 	C:\Program Files (x86)\Intel\OpenCL SDK\2.0\bin\x64\tbb\tbb.dll
0x000007fed58b0000 - 0x000007fed740f000 	C:\Windows\system32\amdocl64.dll
0x000007fef6f90000 - 0x000007fef6fae000 	C:\Windows\system32\atig6txx.dll
0x000007fefc4e0000 - 0x000007fefc4ec000 	C:\Windows\system32\VERSION.dll
0x000007fefd7d0000 - 0x000007fefd80a000 	C:\Windows\system32\WINTRUST.dll
0x000007fefd950000 - 0x000007fefdabc000 	C:\Windows\system32\CRYPT32.dll
0x000007fefd7b0000 - 0x000007fefd7bf000 	C:\Windows\system32\MSASN1.dll
0x0000000052170000 - 0x00000000527e9000 	C:\Windows\system32\atiumd6a.dll
0x000007fefa6e0000 - 0x000007fefa7af000 	C:\Windows\system32\atiadlxx.dll
0x000007fefdb40000 - 0x000007fefe8c8000 	C:\Windows\system32\SHELL32.dll
0x000007fefc0e0000 - 0x000007fefc20c000 	C:\Windows\system32\PROPSYS.dll
0x000007fefc700000 - 0x000007fefc71e000 	C:\Windows\system32\USERENV.dll
0x000007fefd710000 - 0x000007fefd71f000 	C:\Windows\system32\profapi.dll
0x000007fefcb10000 - 0x000007fefcb21000 	C:\Windows\system32\WTSAPI32.dll
0x000007fefabd0000 - 0x000007fefabf7000 	C:\Windows\system32\IPHLPAPI.DLL
0x000007fefabc0000 - 0x000007fefabcb000 	C:\Windows\system32\WINNSI.DLL
0x0000000007070000 - 0x00000000070a9000 	C:\Program Files (x86)\Intel\OpenCL SDK\2.0\bin\x64\tbb\tbbmalloc.dll
0x000007fed8e10000 - 0x000007fed9747000 	C:\Program Files (x86)\Intel\OpenCL SDK\2.0\bin\x64\OclCpuBackEnd.dll
0x000007fedb020000 - 0x000007fedb0a3000 	C:\Program Files (x86)\Intel\OpenCL SDK\2.0\bin\x64\clbltfne9.dll
0x0000000021d60000 - 0x00000000221bc000 	C:\Program Files (x86)\Intel\OpenCL SDK\2.0\bin\x64\__ocl_svml_e9.dll

VM Arguments:
jvm_args: -Xdebug -Xrunjdwp:transport=dt_socket,server=n,address=52032 
java_command: C:\Users\Administrator\Documents\GitHub\aModulus\target\surefire\surefirebooter3792559641266220298.jar C:\Users\Administrator\Documents\GitHub\aModulus\target\surefire\surefire4909362288221637397tmp C:\Users\Administrator\Documents\GitHub\aModulus\target\surefire\surefire3827846173098260471tmp
Launcher Type: SUN_STANDARD

Environment Variables:
JAVA_HOME=C:\Program Files\Java\jdk1.7.0_10
PATH=C:\Users\Administrator\AMD APP SDK\2.9\bin\x86_64;C:\Users\Administrator\AMD APP SDK\2.9\bin\x86;C:\Program Files (x86)\AMD APP SDK\2.9\bin\x86_64;C:\Program Files (x86)\AMD APP SDK\2.9\bin\x86;C:\Program Files\ImageMagick-6.8.6-Q16;C:\Program Files (x86)\NVIDIA Corporation\PhysX\Common;C:\Program Files\Common Files\Microsoft Shared\Windows Live;C:\Users\Administrator\Documents\AMD APP\bin\x86_64;C:\Users\Administrator\Documents\AMD APP\bin\x86;C:\Program Files (x86)\AMD APP\bin\x86_64;C:\Program Files (x86)\AMD APP\bin\x86;C:\Program Files (x86)\Intel\iCLS Client\;C:\Program Files\Intel\iCLS Client\;C:\Windows\system32;C:\Windows;C:\Windows\System32\Wbem;C:\Windows\System32\WindowsPowerShell\v1.0\;C:\Program Files (x86)\Intel\OpenCL SDK\2.0\bin\x86;C:\Program Files (x86)\Intel\OpenCL SDK\2.0\bin\x64;C:\Program Files\Intel\Intel(R) Management Engine Components\DAL;C:\Program Files\Intel\Intel(R) Management Engine Components\IPT;C:\Program Files (x86)\Intel\Intel(R) Management Engine Components\DAL;C:\Program Files (x86)\Intel\Intel(R) Management Engine Components\IPT;C:\Program Files (x86)\ATI Technologies\ATI.ACE\Core-Static;C:\Program Files\Microsoft SQL Server\110\Tools\Binn\;C:\MinGW\bin\;C:\MinGW\msys\1.0\bin\;D:\work\FaceDetect\opencv\build\x64\vc10\bin\;D:\work\FaceDetect\jna-master\;C:\Windows\SysWOW64;C:\development\adt-bundle-windows-x86_64-20130729\sdk\tools;C:\development\adt-bundle-windows-x86_64-20130729\sdk\platform-tools;C:\development\android-ndk-r9;C:\development\apache-ant-1.9.2\bin;C:\Program Files\Java\jdk1.7.0_25\bin;C:\Program Files\TortoiseSVN\bin;C:\development\Tesseract-OCR;C:\development\apache-maven-3.1.1\bin;C:\development\aparapi;C:\Program Files\WIDCOMM\Bluetooth Software\;C:\Program Files\WIDCOMM\Bluetooth Software\syswow64;C:\Program Files\Common Files\Microsoft Shared\Windows Live;C:\Program Files (x86)\HMA! Pro VPN\bin
USERNAME=Administrator
OS=Windows_NT
PROCESSOR_IDENTIFIER=Intel64 Family 6 Model 42 Stepping 7, GenuineIntel



---------------  S Y S T E M  ---------------

OS: Windows 7 , 64 bit Build 7601 Service Pack 1

CPU:total 4 (4 cores per cpu, 1 threads per core) family 6 model 42 stepping 7, cmov, cx8, fxsr, mmx, sse, sse2, sse3, ssse3, sse4.1, sse4.2, popcnt, avx, tsc, tscinvbit

Memory: 4k page, physical 33469552k(27075044k free), swap 66937244k(57837204k free)

vm_info: Java HotSpot(TM) 64-Bit Server VM (23.6-b04) for windows-amd64 JRE (1.7.0_10-b18), built on Nov 28 2012 05:00:40 by "java_re" with unknown MS VC++:1600

time: Sun Nov 09 12:32:50 2014
elapsed time: 31 seconds

